<?xml version="1.0" encoding="UTF-8"?>
<!-- Generated by org.testng.reporters.JUnitReportReporter -->
<testsuite skipped="0" hostname="DESKTOP-LJIGNAH" name="Academy.Validate_Title" tests="1" failures="0" timestamp="04 Jul 2020 10:51:21 GMT" time="0.084" errors="0">
  <testcase name="basePageNavigation" time="0.084" classname="Academy.Validate_Title"/>
</testsuite> <!-- Academy.Validate_Title -->
