<?xml version="1.0" encoding="UTF-8"?>
<!-- Generated by org.testng.reporters.JUnitReportReporter -->
<testsuite skipped="0" hostname="DESKTOP-LJIGNAH" name="Academy.getAllLinks" tests="1" failures="0" timestamp="19 May 2020 13:13:50 GMT" time="26.882" errors="0">
  <testcase name="run" time="26.882" classname="Academy.getAllLinks"/>
</testsuite> <!-- Academy.getAllLinks -->
